alexandre.ferrari | A sintaxe do nome do objeto está incorreta
ana.felauto | A sintaxe do nome do objeto está incorreta
andre.cristovam | A sintaxe do nome do objeto está incorreta
andrey.neves | A sintaxe do nome do objeto está incorreta
carla.pinheiro | A sintaxe do nome do objeto está incorreta
carlos.alves | A sintaxe do nome do objeto está incorreta
eder.cardoso | A sintaxe do nome do objeto está incorreta
fabian.pauli | A sintaxe do nome do objeto está incorreta
franck.peffan | A sintaxe do nome do objeto está incorreta
gabriel.buss | A sintaxe do nome do objeto está incorreta
henrique.rossi | A sintaxe do nome do objeto está incorreta
jean.pereira | A sintaxe do nome do objeto está incorreta
jeanclei.borges | A sintaxe do nome do objeto está incorreta
lucio.maia | A sintaxe do nome do objeto está incorreta
luigi.misturini | A sintaxe do nome do objeto está incorreta
luis.pereira | A sintaxe do nome do objeto está incorreta
luiz.alves | A sintaxe do nome do objeto está incorreta
natan.cruz | A sintaxe do nome do objeto está incorreta
patricia.nunes | A sintaxe do nome do objeto está incorreta
ramon.cardoso | A sintaxe do nome do objeto está incorreta
rodrigo.rabello | A sintaxe do nome do objeto está incorreta
roger.santos | A sintaxe do nome do objeto está incorreta
samara.kappes | A sintaxe do nome do objeto está incorreta
vilson.santos | A sintaxe do nome do objeto está incorreta
viviane.baptista | A sintaxe do nome do objeto está incorreta
wesley.luz | A sintaxe do nome do objeto está incorreta
william.santos | A sintaxe do nome do objeto está incorreta
